<?xml version="1.0" encoding="UTF-8"?>
<testng-results skipped="0" failed="0" ignored="0" total="1" passed="1">
  <reporter-output>
  </reporter-output>
  <suite name="Suite" duration-ms="44" started-at="2018-03-06T16:56:12Z" finished-at="2018-03-06T16:56:12Z">
    <groups>
    </groups>
    <test name="Test" duration-ms="44" started-at="2018-03-06T16:56:12Z" finished-at="2018-03-06T16:56:12Z">
      <class name="testSelenium.SeleniumTestNG">
        <test-method status="PASS" signature="Test1()[pri:0, instance:testSelenium.SeleniumTestNG@646d64ab]" name="Test1" duration-ms="12" started-at="2018-03-06T16:56:12Z" finished-at="2018-03-06T16:56:12Z">
          <reporter-output>
          </reporter-output>
        </test-method> <!-- Test1 -->
      </class> <!-- testSelenium.SeleniumTestNG -->
    </test> <!-- Test -->
  </suite> <!-- Suite -->
</testng-results>
